<?xml version="1.0" encoding="UTF-8"?>
<!-- Generated by org.testng.reporters.JUnitReportReporter -->
<testsuite hostname="VikashSharma" failures="0" tests="2" name="DemoTest.loginTest" time="23.544" errors="0" timestamp="2024-09-16T13:54:41 IST" skipped="0">
  <testcase classname="DemoTest.loginTest" name="login" time="11.793"/>
  <testcase classname="DemoTest.loginTest" name="login" time="11.751"/>
</testsuite> <!-- DemoTest.loginTest -->
